<?xml version="1.0" encoding="UTF-8"?>
<robot generator="Robot 7.2.2 (Python 3.13.2 on win32)" generated="2025-04-07T20:43:23.768153" rpa="false" schemaversion="5">
<suite id="s1" name="Tests" source="C:\Users\agako\PycharmProjects\PythonProject\robot_framework_practice\tests">
<suite id="s1-s1" name="Crm Bdd" source="C:\Users\agako\PycharmProjects\PythonProject\robot_framework_practice\tests\crm_bdd.robot">
<kw name="Go To Automationplaygraound" type="SETUP">
<msg time="2025-04-07T20:43:23.837123" level="FAIL">No keyword with name 'Go To Automationplaygraound' found.</msg>
<status status="FAIL" start="2025-04-07T20:43:23.836696" elapsed="0.000561">No keyword with name 'Go To Automationplaygraound' found.</status>
</kw>
<test id="s1-s1-t1" name="User is able to login with valid data" line="15">
<status status="FAIL" start="2025-04-07T20:43:23.837514" elapsed="0.000857">Parent suite setup failed:
No keyword with name 'Go To Automationplaygraound' found.</status>
</test>
<test id="s1-s1-t2" name="User is not able to login with invalid login" line="19">
<status status="FAIL" start="2025-04-07T20:43:23.839274" elapsed="0.001014">Parent suite setup failed:
No keyword with name 'Go To Automationplaygraound' found.</status>
</test>
<test id="s1-s1-t3" name="The user can add a new customer" line="22">
<tag>1006</tag>
<tag>contacts</tag>
<tag>smoke</tag>
<status status="FAIL" start="2025-04-07T20:43:23.841325" elapsed="0.001017">Parent suite setup failed:
No keyword with name 'Go To Automationplaygraound' found.</status>
</test>
<kw name="Close Browser" type="TEARDOWN">
<msg time="2025-04-07T20:43:23.845922" level="FAIL">No keyword with name 'Close Browser' found.</msg>
<status status="FAIL" start="2025-04-07T20:43:23.845832" elapsed="0.000188">No keyword with name 'Close Browser' found.</status>
</kw>
<status status="FAIL" start="2025-04-07T20:43:23.824304" elapsed="0.021852">Suite setup failed:
No keyword with name 'Go To Automationplaygraound' found.

Also suite teardown failed:
No keyword with name 'Close Browser' found.</status>
</suite>
<suite id="s1-s2" name="Crm Kdd" source="C:\Users\agako\PycharmProjects\PythonProject\robot_framework_practice\tests\crm_kdd.robot">
<kw name="Go To Automationplaygraound" type="SETUP">
<msg time="2025-04-07T20:43:23.860362" level="FAIL">No keyword with name 'Go To Automationplaygraound' found.</msg>
<status status="FAIL" start="2025-04-07T20:43:23.860313" elapsed="0.000102">No keyword with name 'Go To Automationplaygraound' found.</status>
</kw>
<test id="s1-s2-t1" name="User is able to login with valid data" line="16">
<status status="FAIL" start="2025-04-07T20:43:23.860501" elapsed="0.000425">Parent suite setup failed:
No keyword with name 'Go To Automationplaygraound' found.</status>
</test>
<test id="s1-s2-t2" name="User is not able to login with invalid login" line="20">
<status status="FAIL" start="2025-04-07T20:43:23.861588" elapsed="0.000367">Parent suite setup failed:
No keyword with name 'Go To Automationplaygraound' found.</status>
</test>
<test id="s1-s2-t3" name="New customer can be added" line="23">
<tag>1006</tag>
<tag>contacts</tag>
<tag>smoke</tag>
<status status="FAIL" start="2025-04-07T20:43:23.862524" elapsed="0.000367">Parent suite setup failed:
No keyword with name 'Go To Automationplaygraound' found.</status>
</test>
<kw name="Close Browser" type="TEARDOWN">
<msg time="2025-04-07T20:43:23.864302" level="FAIL">No keyword with name 'Close Browser' found.</msg>
<status status="FAIL" start="2025-04-07T20:43:23.864254" elapsed="0.000101">No keyword with name 'Close Browser' found.</status>
</kw>
<status status="FAIL" start="2025-04-07T20:43:23.847709" elapsed="0.016733">Suite setup failed:
No keyword with name 'Go To Automationplaygraound' found.

Also suite teardown failed:
No keyword with name 'Close Browser' found.</status>
</suite>
<suite id="s1-s3" name="Hello World" source="C:\Users\agako\PycharmProjects\PythonProject\robot_framework_practice\tests\hello_world.robot">
<test id="s1-s3-t1" name="Hello World" line="6">
<kw name="Log To Console" owner="BuiltIn">
<arg>Hello world!</arg>
<doc>Logs the given message to the console.</doc>
<status status="NOT RUN" start="2025-04-07T20:43:23.869016" elapsed="0.000262"/>
</kw>
<doc>Basic test info</doc>
<status status="PASS" start="2025-04-07T20:43:23.868132" elapsed="0.001595"/>
</test>
<doc>Basic info about the SUITE</doc>
<status status="PASS" start="2025-04-07T20:43:23.865526" elapsed="0.005396"/>
</suite>
<status status="FAIL" start="2025-04-07T20:43:23.770739" elapsed="0.104380"/>
</suite>
<statistics>
<total>
<stat pass="1" fail="6" skip="0">All Tests</stat>
</total>
<tag>
<stat pass="0" fail="2" skip="0">1006</stat>
<stat pass="0" fail="2" skip="0">contacts</stat>
<stat pass="0" fail="2" skip="0">smoke</stat>
</tag>
<suite>
<stat name="Tests" id="s1" pass="1" fail="6" skip="0">Tests</stat>
<stat name="Crm Bdd" id="s1-s1" pass="0" fail="3" skip="0">Tests.Crm Bdd</stat>
<stat name="Crm Kdd" id="s1-s2" pass="0" fail="3" skip="0">Tests.Crm Kdd</stat>
<stat name="Hello World" id="s1-s3" pass="1" fail="0" skip="0">Tests.Hello World</stat>
</suite>
</statistics>
<errors>
<msg time="2025-04-07T20:43:23.828079" level="ERROR">Error in file 'C:\Users\agako\PycharmProjects\PythonProject\robot_framework_practice\tests\crm_bdd.robot' on line 2: Resource file 'resources\PO\topnav_component.robot' does not exist.</msg>
<msg time="2025-04-07T20:43:23.829543" level="ERROR">Error in file 'C:\Users\agako\PycharmProjects\PythonProject\robot_framework_practice\tests\crm_bdd.robot' on line 3: Resource file 'resources\common.robot' does not exist.</msg>
<msg time="2025-04-07T20:43:23.830971" level="ERROR">Error in file 'C:\Users\agako\PycharmProjects\PythonProject\robot_framework_practice\tests\crm_bdd.robot' on line 4: Resource file 'resources\user_action.robot' does not exist.</msg>
<msg time="2025-04-07T20:43:23.832551" level="ERROR">Error in file 'C:\Users\agako\PycharmProjects\PythonProject\robot_framework_practice\tests\crm_bdd.robot' on line 5: Resource file 'resources\new_customer_creation.robot' does not exist.</msg>
<msg time="2025-04-07T20:43:23.852272" level="ERROR">Error in file 'C:\Users\agako\PycharmProjects\PythonProject\robot_framework_practice\tests\crm_kdd.robot' on line 2: Resource file 'resources\common.robot' does not exist.</msg>
<msg time="2025-04-07T20:43:23.854217" level="ERROR">Error in file 'C:\Users\agako\PycharmProjects\PythonProject\robot_framework_practice\tests\crm_kdd.robot' on line 3: Resource file 'resources\PO\login_page.robot' does not exist.</msg>
<msg time="2025-04-07T20:43:23.855543" level="ERROR">Error in file 'C:\Users\agako\PycharmProjects\PythonProject\robot_framework_practice\tests\crm_kdd.robot' on line 4: Resource file 'resources\PO\customers_page.robot' does not exist.</msg>
<msg time="2025-04-07T20:43:23.857009" level="ERROR">Error in file 'C:\Users\agako\PycharmProjects\PythonProject\robot_framework_practice\tests\crm_kdd.robot' on line 5: Resource file 'resources\PO\topnav_component.robot' does not exist.</msg>
<msg time="2025-04-07T20:43:23.858430" level="ERROR">Error in file 'C:\Users\agako\PycharmProjects\PythonProject\robot_framework_practice\tests\crm_kdd.robot' on line 6: Resource file 'resources\PO\add_customer_page.robot' does not exist.</msg>
</errors>
</robot>
